[2025-10-24 20:13:41] [INFO ] ================================================================================
[2025-10-24 20:13:41] [INFO ] OPENALEX DATA INGESTION ORCHESTRATOR
[2025-10-24 20:13:41] [INFO ] ================================================================================
[2025-10-24 20:13:41] [INFO ] Mode: RESUME
[2025-10-24 20:13:41] [INFO ] Entities: topics, concepts, publishers, funders, sources, institutions, authors
[2025-10-24 20:13:41] [INFO ] Data root: /Volumes/OA_snapshot/03OCT2025/openalex-snapshot/data
[2025-10-24 20:13:41] [INFO ] 
[2025-10-24 20:13:41] [INFO ] Database connected: PostgreSQL 15.14 (Debian 15.14-1.pgdg13+1) on x86_...
[2025-10-24 20:13:41] [INFO ] ================================================================================
[2025-10-24 20:13:41] [INFO ] ENTITY: TOPICS
[2025-10-24 20:13:41] [INFO ] ================================================================================
[2025-10-24 20:13:41] [INFO ] Total files: 64
[2025-10-24 20:13:41] [INFO ] ✅ Already completed: 0
[2025-10-24 20:13:41] [INFO ] To process: 64
[2025-10-24 20:13:41] [INFO ] [1/64] START: /Volumes/OA_snapshot/03OCT2025/openalex-snapshot/data/topics/updated_date=2024-03-04/part_000.gz
[2025-10-24 20:13:48] [ERROR]   âŒ FAILED: usage: parse_topics.py [-h] --input-file INPUT_FILE
parse_topics.py: error: unrecognized arguments: --mode update

[2025-10-24 20:13:48] [INFO ] [2/64] START: /Volumes/OA_snapshot/03OCT2025/openalex-snapshot/data/topics/updated_date=2024-03-11/part_000.gz
[2025-10-24 20:13:48] [ERROR]   âŒ FAILED: usage: parse_topics.py [-h] --input-file INPUT_FILE
parse_topics.py: error: unrecognized arguments: --mode update

[2025-10-24 20:13:48] [INFO ] [3/64] START: /Volumes/OA_snapshot/03OCT2025/openalex-snapshot/data/topics/updated_date=2024-03-18/part_000.gz
[2025-10-24 20:13:49] [ERROR]   âŒ FAILED: usage: parse_topics.py [-h] --input-file INPUT_FILE
parse_topics.py: error: unrecognized arguments: --mode update

[2025-10-24 20:13:49] [INFO ] [4/64] START: /Volumes/OA_snapshot/03OCT2025/openalex-snapshot/data/topics/updated_date=2024-03-25/part_000.gz
[2025-10-24 20:13:50] [ERROR]   âŒ FAILED: usage: parse_topics.py [-h] --input-file INPUT_FILE
parse_topics.py: error: unrecognized arguments: --mode update

[2025-10-24 20:13:50] [INFO ] [5/64] START: /Volumes/OA_snapshot/03OCT2025/openalex-snapshot/data/topics/updated_date=2024-04-01/part_000.gz
[2025-10-24 20:13:50] [ERROR]   âŒ FAILED: usage: parse_topics.py [-h] --input-file INPUT_FILE
parse_topics.py: error: unrecognized arguments: --mode update

[2025-10-24 20:13:50] [INFO ] [6/64] START: /Volumes/OA_snapshot/03OCT2025/openalex-snapshot/data/topics/updated_date=2024-04-08/part_000.gz
[2025-10-24 20:13:51] [ERROR]   âŒ FAILED: usage: parse_topics.py [-h] --input-file INPUT_FILE
parse_topics.py: error: unrecognized arguments: --mode update

[2025-10-24 20:13:51] [INFO ] [7/64] START: /Volumes/OA_snapshot/03OCT2025/openalex-snapshot/data/topics/updated_date=2024-04-15/part_000.gz
[2025-10-24 20:13:51] [ERROR]   âŒ FAILED: usage: parse_topics.py [-h] --input-file INPUT_FILE
parse_topics.py: error: unrecognized arguments: --mode update

[2025-10-24 20:13:51] [INFO ] [8/64] START: /Volumes/OA_snapshot/03OCT2025/openalex-snapshot/data/topics/updated_date=2024-04-22/part_000.gz
[2025-10-24 20:13:52] [ERROR]   âŒ FAILED: usage: parse_topics.py [-h] --input-file INPUT_FILE
parse_topics.py: error: unrecognized arguments: --mode update

[2025-10-24 20:13:52] [INFO ] [9/64] START: /Volumes/OA_snapshot/03OCT2025/openalex-snapshot/data/topics/updated_date=2024-04-29/part_000.gz
[2025-10-24 20:13:53] [ERROR]   âŒ FAILED: usage: parse_topics.py [-h] --input-file INPUT_FILE
parse_topics.py: error: unrecognized arguments: --mode update

[2025-10-24 20:13:53] [INFO ] [10/64] START: /Volumes/OA_snapshot/03OCT2025/openalex-snapshot/data/topics/updated_date=2024-05-06/part_000.gz
[2025-10-24 20:13:53] [ERROR]   âŒ FAILED: usage: parse_topics.py [-h] --input-file INPUT_FILE
parse_topics.py: error: unrecognized arguments: --mode update

[2025-10-24 20:13:53] [INFO ] [11/64] START: /Volumes/OA_snapshot/03OCT2025/openalex-snapshot/data/topics/updated_date=2024-05-13/part_000.gz
[2025-10-24 20:13:54] [ERROR]   âŒ FAILED: usage: parse_topics.py [-h] --input-file INPUT_FILE
parse_topics.py: error: unrecognized arguments: --mode update

[2025-10-24 20:13:54] [INFO ] [12/64] START: /Volumes/OA_snapshot/03OCT2025/openalex-snapshot/data/topics/updated_date=2024-05-20/part_000.gz
[2025-10-24 20:13:55] [ERROR]   âŒ FAILED: usage: parse_topics.py [-h] --input-file INPUT_FILE
parse_topics.py: error: unrecognized arguments: --mode update

[2025-10-24 20:13:55] [INFO ] [13/64] START: /Volumes/OA_snapshot/03OCT2025/openalex-snapshot/data/topics/updated_date=2024-05-27/part_000.gz
[2025-10-24 20:13:55] [ERROR]   âŒ FAILED: usage: parse_topics.py [-h] --input-file INPUT_FILE
parse_topics.py: error: unrecognized arguments: --mode update

[2025-10-24 20:13:55] [INFO ] [14/64] START: /Volumes/OA_snapshot/03OCT2025/openalex-snapshot/data/topics/updated_date=2024-06-17/part_000.gz
[2025-10-24 20:13:56] [ERROR]   âŒ FAILED: usage: parse_topics.py [-h] --input-file INPUT_FILE
parse_topics.py: error: unrecognized arguments: --mode update

[2025-10-24 20:13:56] [INFO ] [15/64] START: /Volumes/OA_snapshot/03OCT2025/openalex-snapshot/data/topics/updated_date=2024-06-24/part_000.gz
[2025-10-24 20:13:57] [ERROR]   âŒ FAILED: usage: parse_topics.py [-h] --input-file INPUT_FILE
parse_topics.py: error: unrecognized arguments: --mode update

[2025-10-24 20:13:57] [INFO ] [16/64] START: /Volumes/OA_snapshot/03OCT2025/openalex-snapshot/data/topics/updated_date=2024-07-01/part_000.gz
[2025-10-24 20:13:57] [ERROR]   âŒ FAILED: usage: parse_topics.py [-h] --input-file INPUT_FILE
parse_topics.py: error: unrecognized arguments: --mode update

[2025-10-24 20:13:57] [INFO ] [17/64] START: /Volumes/OA_snapshot/03OCT2025/openalex-snapshot/data/topics/updated_date=2024-07-08/part_000.gz
[2025-10-24 20:13:58] [ERROR]   âŒ FAILED: usage: parse_topics.py [-h] --input-file INPUT_FILE
parse_topics.py: error: unrecognized arguments: --mode update

[2025-10-24 20:13:58] [INFO ] [18/64] START: /Volumes/OA_snapshot/03OCT2025/openalex-snapshot/data/topics/updated_date=2024-07-15/part_000.gz
[2025-10-24 20:13:58] [ERROR]   âŒ FAILED: usage: parse_topics.py [-h] --input-file INPUT_FILE
parse_topics.py: error: unrecognized arguments: --mode update

[2025-10-24 20:13:58] [INFO ] [19/64] START: /Volumes/OA_snapshot/03OCT2025/openalex-snapshot/data/topics/updated_date=2024-07-29/part_000.gz
[2025-10-24 20:13:59] [WARN ] ⚠️  Process interrupted by user - state saved
[2025-10-24 20:13:59] [INFO ] 
[2025-10-24 20:13:59] [INFO ] ================================================================================
[2025-10-24 20:13:59] [WARN ] INTERRUPTED BY USER
[2025-10-24 20:13:59] [INFO ] ================================================================================
[2025-10-24 20:13:59] [INFO ] State has been saved. Re-run without --no-resume to continue.
