[2025-11-18 17:54:22] Connected to database: OADB
[2025-11-18 17:54:22] Log file: logs/remove_duplicates.log
[2025-11-18 17:54:22] ❌ Invalid table names: topics_hierarchy
[2025-11-18 17:54:22] Available tables: author_concepts, author_institutions, author_topics, authors, authors_works_by_year, authorship, citations_by_year, concepts, funders, institution_geo, institution_hierarchy, institutions, publishers, referenced_works, related_works, search_metadata, source_publishers, sources, topic_hierarchy, topics, work_concepts, work_funders, work_keywords, work_sources, work_topics, works
[2025-11-18 17:55:02] Connected to database: OADB
[2025-11-18 17:55:02] Log file: logs/remove_duplicates.log
[2025-11-18 17:55:02] Processing 1 specified table(s)
[2025-11-18 17:55:02] 
Processing topic_hierarchy (parent_topic_id, child_topic_id)...
[2025-11-18 17:55:02]   ⚠️  Found 248 duplicate groups
[2025-11-18 17:55:03]   ✅ Deleted 8,754 duplicate rows
[2025-11-18 17:55:03] 
======================================================================
[2025-11-18 17:55:03] DUPLICATE REMOVAL COMPLETE
[2025-11-18 17:55:03] ======================================================================
[2025-11-18 17:55:03] Tables processed: 1
[2025-11-18 17:55:03] Deleted: 8,754 duplicate rows
[2025-11-18 17:55:47] Connected to database: OADB
[2025-11-18 17:55:47] Log file: logs/remove_duplicates.log
[2025-11-18 17:55:47] Processing 1 specified table(s)
[2025-11-18 17:55:47] 
Processing institution_hierarchy (parent_institution_id, child_institution_id)...
[2025-11-18 17:55:47]   ⚠️  Found 1,641 duplicate groups
[2025-11-18 17:55:48]   ✅ Deleted 7,964 duplicate rows
[2025-11-18 17:55:48] 
======================================================================
[2025-11-18 17:55:48] DUPLICATE REMOVAL COMPLETE
[2025-11-18 17:55:48] ======================================================================
[2025-11-18 17:55:48] Tables processed: 1
[2025-11-18 17:55:48] Deleted: 7,964 duplicate rows
[2025-11-18 17:56:22] Connected to database: OADB
[2025-11-18 17:56:22] Log file: logs/remove_duplicates.log
[2025-11-18 17:56:22] Processing 1 specified table(s)
[2025-11-18 17:56:22] 
Processing work_funders (work_id, funder_id)...
[2025-11-18 17:56:55]   ⚠️  Found 2,879,359 duplicate groups
[2025-11-18 18:42:55]   ✅ Deleted 4,880,352 duplicate rows
[2025-11-18 18:42:55] 
======================================================================
[2025-11-18 18:42:55] DUPLICATE REMOVAL COMPLETE
[2025-11-18 18:42:55] ======================================================================
[2025-11-18 18:42:55] Tables processed: 1
[2025-11-18 18:42:55] Deleted: 4,880,352 duplicate rows
[2025-11-18 18:48:42] Connected to database: OADB
[2025-11-18 18:48:42] Log file: logs/remove_duplicates.log
[2025-11-18 18:48:42] Processing 1 specified table(s)
[2025-11-18 18:48:42] 
Processing work_keywords (work_id, keyword)...
[2025-11-18 18:53:48]   ⚠️  Found 49,874 duplicate groups
[2025-11-18 19:01:06]   ✅ Deleted 49,874 duplicate rows
[2025-11-18 19:01:06] 
======================================================================
[2025-11-18 19:01:06] DUPLICATE REMOVAL COMPLETE
[2025-11-18 19:01:06] ======================================================================
[2025-11-18 19:01:06] Tables processed: 1
[2025-11-18 19:01:06] Deleted: 49,874 duplicate rows
[2025-11-18 19:13:57] Connected to database: OADB
[2025-11-18 19:13:57] Log file: logs/remove_duplicates.log
[2025-11-18 19:13:57] Processing 1 specified table(s)
[2025-11-18 19:13:57] 
Processing work_sources (work_id, source_id)...
[2025-11-18 19:20:18]   ⚠️  Found 4,612,173 duplicate groups
[2025-11-19 00:18:02]   ✅ Deleted 6,337,513 duplicate rows
[2025-11-19 00:18:02] 
======================================================================
[2025-11-19 00:18:02] DUPLICATE REMOVAL COMPLETE
[2025-11-19 00:18:02] ======================================================================
[2025-11-19 00:18:02] Tables processed: 1
[2025-11-19 00:18:02] Deleted: 6,337,513 duplicate rows
[2025-11-19 17:43:25] Connected to database: OADB
[2025-11-19 17:43:25] Log file: logs/remove_duplicates.log
[2025-11-19 17:43:25] Processing 1 specified table(s)
[2025-11-19 17:43:25] 
Processing authorship (work_id, author_id, institution_id)...
[2025-11-19 17:44:53] Connected to database: OADB
[2025-11-19 17:44:53] Log file: logs/remove_duplicates.log
[2025-11-19 17:44:53] Processing 1 specified table(s)
[2025-11-19 17:44:53] 
Processing authorship (work_id, author_id, author_position)...
